2021-06-26 05:03:01,918 Helper initializing.
2021-06-26 05:03:01,918 Main initializing.
2021-06-26 05:03:01,931 PyNaCl is not installed, voice will NOT be supported
2021-06-26 05:03:01,932 logging in using static token
2021-06-26 05:03:02,133 Shard ID None has sent the IDENTIFY payload.
2021-06-26 05:03:02,403 Shard ID None has connected to Gateway: ["gateway-prd-main-2q2h",{"micros":230266,"calls":["discord-sessions-green-prd-2-29",{"micros":221383,"calls":["start_session",{"micros":137655,"calls":["api-prd-main-rm6m",{"micros":130022,"calls":["get_user",{"micros":6855},"add_authorized_ip",{"micros":4826},"get_guilds",{"micros":45751},"coros_wait",{"micros":1}]}]},"guilds_connect",{"micros":2,"calls":[]},"presence_connect",{"micros":65247,"calls":[]}]}]}] (Session ID: a2aa93c5e9939c406d526f00153b7cfa).
2021-06-26 05:40:23,126 Helper initializing.
2021-06-26 05:40:23,126 Main initializing.
2021-06-26 05:40:23,151 PyNaCl is not installed, voice will NOT be supported
2021-06-26 05:40:23,153 logging in using static token
2021-06-26 05:40:23,407 Shard ID None has sent the IDENTIFY payload.
2021-06-26 05:40:23,512 Shard ID None has connected to Gateway: ["gateway-prd-main-d0k7",{"micros":65324,"calls":["discord-sessions-green-prd-2-33",{"micros":56862,"calls":["start_session",{"micros":49331,"calls":["api-prd-main-qc73",{"micros":46654,"calls":["get_user",{"micros":4539},"add_authorized_ip",{"micros":6656},"get_guilds",{"micros":9452},"coros_wait",{"micros":0}]}]},"guilds_connect",{"micros":8,"calls":[]},"presence_connect",{"micros":3974,"calls":[]}]}]}] (Session ID: 2b915718596a6343a9e6c5941ecc35d5).
2021-06-26 05:44:10,423 Cleaning up tasks.
2021-06-26 05:44:10,423 Cleaning up after 1 tasks.
2021-06-26 05:44:10,424 All tasks finished cancelling.
2021-06-26 05:44:10,424 Closing the event loop.
2021-06-26 05:44:12,740 Helper initializing.
2021-06-26 05:44:12,740 Main initializing.
2021-06-26 05:44:12,762 PyNaCl is not installed, voice will NOT be supported
2021-06-26 05:44:12,764 logging in using static token
2021-06-26 05:44:12,962 Shard ID None has sent the IDENTIFY payload.
2021-06-26 05:44:13,073 Shard ID None has connected to Gateway: ["gateway-prd-main-lz1z",{"micros":62016,"calls":["discord-sessions-green-prd-2-17",{"micros":51785,"calls":["start_session",{"micros":30443,"calls":["api-prd-main-p65h",{"micros":27229,"calls":["get_user",{"micros":3214},"add_authorized_ip",{"micros":1412},"get_guilds",{"micros":3563},"coros_wait",{"micros":1}]}]},"guilds_connect",{"micros":1,"calls":[]},"presence_connect",{"micros":11517,"calls":[]}]}]}] (Session ID: b723cef194b2a690ab8b56cda6a9057b).
2021-06-26 05:46:26,006 testmarty2[160] about to be added elo.
2021-06-26 05:46:26,006 testmarty2[160] name after elo added: testmarty2[171]
2021-06-26 05:46:26,006 testdummy[0] about to be added elo.
2021-06-26 05:46:26,006 testdummy[0] name after elo added: testdummy[0]
2021-06-26 05:51:32,806 testmarty2[171] about to be added elo.
2021-06-26 05:51:32,806 testmarty2[171] name after elo added: testmarty2[182]
2021-06-26 05:51:32,806 testdummy[0] about to be added elo.
2021-06-26 05:51:32,806 testdummy[0] name after elo added: testdummy[0]
2021-06-26 05:57:49,836 yoyo about to be added elo.
2021-06-26 05:57:49,837 yoyo name after elo added: yoyo[20]
2021-06-26 05:57:49,837 testdummy[0] about to be added elo.
2021-06-26 05:57:49,837 testdummy[0] name after elo added: testdummy[0]
2021-06-26 05:58:32,719 yoyo[20] about to be added elo.
2021-06-26 05:58:32,719 yoyo[20] name after elo added: yoyo[39]
2021-06-26 05:58:32,719 testdummydoe about to be added elo.
2021-06-26 05:58:32,719 testdummydoe name after elo added: testdummydoe[0]
2021-06-26 06:00:00,776 testmarty[0] about to be added elo.
2021-06-26 06:00:00,776 testmarty[0] name after elo added: testmarty[20]
2021-06-26 06:00:00,776 testdummydoe[0] about to be added elo.
2021-06-26 06:00:00,776 testdummydoe[0] name after elo added: testdummydoe[0]
2021-06-26 06:00:01,793 testmarty[20] about to be added elo.
2021-06-26 06:00:01,793 testmarty[20] name after elo added: testmarty[39]
2021-06-26 06:00:01,793 testdummydoe[0] about to be added elo.
2021-06-26 06:00:01,794 testdummydoe[0] name after elo added: testdummydoe[0]
2021-06-26 06:00:46,679 testmarty[39] about to be added elo.
2021-06-26 06:00:46,680 testmarty[39] name after elo added: testmarty[57]
2021-06-26 06:00:46,680 testdummy about to be added elo.
2021-06-26 06:00:46,680 testdummy name after elo added: testdummy[0]
2021-06-26 06:01:01,001 testmarty[57] about to be added elo.
2021-06-26 06:01:01,002 testmarty[57] name after elo added: testmarty[74]
2021-06-26 06:01:01,002 testdummy[0] about to be added elo.
2021-06-26 06:01:01,002 testdummy[0] name after elo added: testdummy[0]
2021-06-26 06:04:22,702 testmarty[74] about to be added elo.
2021-06-26 06:04:22,702 testmarty[74] name after elo added: testmarty[90]
2021-06-26 06:04:22,702 testdummy about to be added elo.
2021-06-26 06:04:22,703 testdummy name after elo added: testdummy[0]
2021-06-26 06:08:09,836 testmarty-123456789-123456789-12 about to be added elo.
2021-06-26 06:08:09,836 Name testmarty-123456789-123456789-12 was too long, being shortened.
2021-06-26 06:08:09,836 testmarty-123456789-123456789-12 name after elo added: testmarty-123456789-1234[20]
2021-06-26 06:08:09,836 ovrpay[0] about to be added elo.
2021-06-26 06:08:09,836 ovrpay[0] name after elo added: ovrpay[0]
2021-06-26 06:08:10,098 User name: ovrpay Exception line 262 main
2021-06-26 06:08:10,295 Unable to send message to ovrpay, points added to testmarty
2021-06-26 06:11:00,506 testdummy[0] about to be added elo.
2021-06-26 06:11:00,507 testdummy[0] name after elo added: testdummy[20]
2021-06-26 06:11:00,507 testmarty-123456789-123456789-12 about to be added elo.
2021-06-26 06:11:00,507 Name testmarty-123456789-123456789-12 was too long, being shortened.
2021-06-26 06:11:00,507 testmarty-123456789-123456789-12 name after elo added: testmarty-123456789-1234[0]
2021-06-26 06:13:05,838 testmarty--123456789-1234567[80] about to be added elo.
2021-06-26 06:13:05,838 Name testmarty--123456789-1234567 was too long, being shortened.
2021-06-26 06:13:05,838 testmarty--123456789-1234567[80] name after elo added: testmarty--123456789-123[97]
2021-06-26 06:13:05,838 testdummy[20] about to be added elo.
2021-06-26 06:13:05,839 testdummy[20] name after elo added: testdummy[3]
2021-06-26 06:15:02,872 testdummy[0] about to be added elo.
2021-06-26 06:15:02,872 testdummy[0] name after elo added: testdummy[25]
2021-06-26 06:15:02,872 testmarty-123456789-12345678[97] about to be added elo.
2021-06-26 06:15:02,872 Name testmarty-123456789-12345678 was too long, being shortened.
2021-06-26 06:15:02,873 testmarty-123456789-12345678[97] name after elo added: testmarty-123456789-1234[72]
